# JRE version: Java(TM) SE Runtime Environment (25.0.3+9) (build 25.0.3+9-LTS-195)
# Java VM: Java HotSpot(TM) 64-Bit Server VM (25.0.3+9-LTS-195, mixed mode, sharing, tiered, compressed oops, compressed class ptrs, g1 gc, windows-amd64)
GC Precious Log:
 CardTable entry size: 512
 Card Set container configuration: InlinePtr #cards 5 size 8 Array Of Cards #cards 10 size 36 Howl #buckets 4 coarsen threshold 1843 Howl Bitmap #cards 512 size 80 coarsen threshold 460 Card regions per heap region 1 cards per card region 2048
 CPUs: 8 total, 8 available
 Memory: 7926M
 Large Page Support: Disabled
 NUMA Support: Disabled
 Compressed Oops: Enabled (32-bit)
 Heap Region Size: 1M
 Heap Min Capacity: 8M
 Heap Initial Capacity: 124M
 Heap Max Capacity: 1982M
 Pre-touch: Disabled
 Parallel Workers: 8
 Concurrent Workers: 2
 Concurrent Refinement Workers: 8
 Periodic GC: Disabled
Heap:
 garbage-first heap   total reserved 2029568K, committed 57344K, used 26020K [0x0000000084200000, 0x0000000100000000)
  region size 1024K, 11 young (11264K), 3 survivors (3072K)
GC Heap Usage History (8 events):
Event: 1.038 {heap Before GC invocations=0 (full 0):
 garbage-first heap   total reserved 2029568K, committed 129024K, used 49301K [0x0000000084200000, 0x0000000100000000)
  region size 1024K, 47 young (48128K), 0 survivors (0K)
}
Event: 1.047 {heap After GC invocations=1 (full 0):
 garbage-first heap   total reserved 2029568K, committed 129024K, used 7405K [0x0000000084200000, 0x0000000100000000)
  region size 1024K, 6 young (6144K), 6 survivors (6144K)
}
Event: 1.875 {heap Before GC invocations=1 (full 0):
 garbage-first heap   total reserved 2029568K, committed 129024K, used 53485K [0x0000000084200000, 0x0000000100000000)
  region size 1024K, 53 young (54272K), 6 survivors (6144K)
}
Event: 1.883 {heap After GC invocations=2 (full 0):
 garbage-first heap   total reserved 2029568K, committed 129024K, used 12569K [0x0000000084200000, 0x0000000100000000)
  region size 1024K, 6 young (6144K), 6 survivors (6144K)
}
Event: 2.802 {heap Before GC invocations=3 (full 0):
 garbage-first heap   total reserved 2029568K, committed 48128K, used 46361K [0x0000000084200000, 0x0000000100000000)
  region size 1024K, 39 young (39936K), 6 survivors (6144K)
}
Event: 2.810 {heap After GC invocations=4 (full 0):
 garbage-first heap   total reserved 2029568K, committed 57344K, used 16114K [0x0000000084200000, 0x0000000100000000)
  region size 1024K, 4 young (4096K), 4 survivors (4096K)
}
Event: 9.410 {heap Before GC invocations=4 (full 0):
 garbage-first heap   total reserved 2029568K, committed 57344K, used 40690K [0x0000000084200000, 0x0000000100000000)
  region size 1024K, 28 young (28672K), 4 survivors (4096K)
}
Event: 9.417 {heap After GC invocations=5 (full 0):
 garbage-first heap   total reserved 2029568K, committed 57344K, used 18852K [0x0000000084200000, 0x0000000100000000)
  region size 1024K, 3 young (3072K), 3 survivors (3072K)
}

